0 info it worked if it ends with ok
1 verbose cli [ '/usr/local/bin/node', '/usr/local/bin/npm', 'start' ]
2 info using npm@3.10.6
3 info using node@v4.4.7
4 verbose run-script [ 'prestart', 'start', 'poststart' ]
5 info lifecycle jspdf@1.2.61~prestart: jspdf@1.2.61
6 silly lifecycle jspdf@1.2.61~prestart: no script for prestart, continuing
7 info lifecycle jspdf@1.2.61~start: jspdf@1.2.61
8 verbose lifecycle jspdf@1.2.61~start: unsafe-perm in lifecycle true
9 verbose lifecycle jspdf@1.2.61~start: PATH: /usr/local/lib/node_modules/npm/bin/node-gyp-bin:/Users/jameshall/Code/jsPDF/node_modules/.bin:/Library/Frameworks/Python.framework/Versions/3.5/bin:~/.composer/vendor/bin:/Library/Frameworks/Python.framework/Versions/2.7/bin:/usr/local/bin:/usr/bin:/bin:/usr/sbin:/sbin
10 verbose lifecycle jspdf@1.2.61~start: CWD: /Users/jameshall/Code/jsPDF
11 silly lifecycle jspdf@1.2.61~start: Args: [ '-c', 'ws' ]
12 silly lifecycle jspdf@1.2.61~start: Returned: code: 1  signal: null
13 info lifecycle jspdf@1.2.61~start: Failed to exec start script
14 verbose stack Error: jspdf@1.2.61 start: `ws`
14 verbose stack Exit status 1
14 verbose stack     at EventEmitter.<anonymous> (/usr/local/lib/node_modules/npm/lib/utils/lifecycle.js:255:16)
14 verbose stack     at emitTwo (events.js:87:13)
14 verbose stack     at EventEmitter.emit (events.js:172:7)
14 verbose stack     at ChildProcess.<anonymous> (/usr/local/lib/node_modules/npm/lib/utils/spawn.js:40:14)
14 verbose stack     at emitTwo (events.js:87:13)
14 verbose stack     at ChildProcess.emit (events.js:172:7)
14 verbose stack     at maybeClose (internal/child_process.js:827:16)
14 verbose stack     at Process.ChildProcess._handle.onexit (internal/child_process.js:211:5)
15 verbose pkgid jspdf@1.2.61
16 verbose cwd /Users/jameshall/Code/jsPDF
17 error Darwin 15.6.0
18 error argv "/usr/local/bin/node" "/usr/local/bin/npm" "start"
19 error node v4.4.7
20 error npm  v3.10.6
21 error code ELIFECYCLE
22 error jspdf@1.2.61 start: `ws`
22 error Exit status 1
23 error Failed at the jspdf@1.2.61 start script 'ws'.
23 error Make sure you have the latest version of node.js and npm installed.
23 error If you do, this is most likely a problem with the jspdf package,
23 error not with npm itself.
23 error Tell the author that this fails on your system:
23 error     ws
23 error You can get information on how to open an issue for this project with:
23 error     npm bugs jspdf
23 error Or if that isn't available, you can get their info via:
23 error     npm owner ls jspdf
23 error There is likely additional logging output above.
24 verbose exit [ 1, true ]
